c:\users\taschetto\desktop\artoolkitcb\lib\src\ar\debug\ardetectmarker.obj
c:\users\taschetto\desktop\artoolkitcb\lib\src\ar\debug\ardetectmarker2.obj
c:\users\taschetto\desktop\artoolkitcb\lib\src\ar\debug\argetcode.obj
c:\users\taschetto\desktop\artoolkitcb\lib\src\ar\debug\argetmarkerinfo.obj
c:\users\taschetto\desktop\artoolkitcb\lib\src\ar\debug\argettransmat.obj
c:\users\taschetto\desktop\artoolkitcb\lib\src\ar\debug\argettransmat2.obj
c:\users\taschetto\desktop\artoolkitcb\lib\src\ar\debug\argettransmat3.obj
c:\users\taschetto\desktop\artoolkitcb\lib\src\ar\debug\argettransmatcont.obj
c:\users\taschetto\desktop\artoolkitcb\lib\src\ar\debug\arlabeling.obj
c:\users\taschetto\desktop\artoolkitcb\lib\src\ar\debug\arutil.obj
c:\users\taschetto\desktop\artoolkitcb\lib\src\ar\debug\malloc.obj
c:\users\taschetto\desktop\artoolkitcb\lib\src\ar\debug\mallocdup.obj
c:\users\taschetto\desktop\artoolkitcb\lib\src\ar\debug\mallocinv.obj
c:\users\taschetto\desktop\artoolkitcb\lib\src\ar\debug\mallocmul.obj
c:\users\taschetto\desktop\artoolkitcb\lib\src\ar\debug\malloctrans.obj
c:\users\taschetto\desktop\artoolkitcb\lib\src\ar\debug\mallocunit.obj
c:\users\taschetto\desktop\artoolkitcb\lib\src\ar\debug\mdet.obj
c:\users\taschetto\desktop\artoolkitcb\lib\src\ar\debug\mdisp.obj
c:\users\taschetto\desktop\artoolkitcb\lib\src\ar\debug\mdup.obj
c:\users\taschetto\desktop\artoolkitcb\lib\src\ar\debug\mfree.obj
c:\users\taschetto\desktop\artoolkitcb\lib\src\ar\debug\minv.obj
c:\users\taschetto\desktop\artoolkitcb\lib\src\ar\debug\mmul.obj
c:\users\taschetto\desktop\artoolkitcb\lib\src\ar\debug\mpca.obj
c:\users\taschetto\desktop\artoolkitcb\lib\src\ar\debug\mselfinv.obj
c:\users\taschetto\desktop\artoolkitcb\lib\src\ar\debug\mtrans.obj
c:\users\taschetto\desktop\artoolkitcb\lib\src\ar\debug\munit.obj
c:\users\taschetto\desktop\artoolkitcb\lib\src\ar\debug\paramchangesize.obj
c:\users\taschetto\desktop\artoolkitcb\lib\src\ar\debug\paramdecomp.obj
c:\users\taschetto\desktop\artoolkitcb\lib\src\ar\debug\paramdisp.obj
c:\users\taschetto\desktop\artoolkitcb\lib\src\ar\debug\paramdistortion.obj
c:\users\taschetto\desktop\artoolkitcb\lib\src\ar\debug\paramfile.obj
c:\users\taschetto\desktop\artoolkitcb\lib\src\ar\debug\paramget.obj
c:\users\taschetto\desktop\artoolkitcb\lib\src\ar\debug\valloc.obj
c:\users\taschetto\desktop\artoolkitcb\lib\src\ar\debug\vdisp.obj
c:\users\taschetto\desktop\artoolkitcb\lib\src\ar\debug\vfree.obj
c:\users\taschetto\desktop\artoolkitcb\lib\src\ar\debug\vhouse.obj
c:\users\taschetto\desktop\artoolkitcb\lib\src\ar\debug\vinnerp.obj
c:\users\taschetto\desktop\artoolkitcb\lib\src\ar\debug\vtridiag.obj
c:\users\taschetto\desktop\artoolkitcb\lib\src\ar\debug\vc90.idb
c:\users\taschetto\desktop\artoolkitcb\lib\src\ar\debug\vc90.pdb
c:\users\taschetto\desktop\artoolkitcb\lib\src\ar\debug\ardetectmarker.sbr
c:\users\taschetto\desktop\artoolkitcb\lib\src\ar\debug\ardetectmarker2.sbr
c:\users\taschetto\desktop\artoolkitcb\lib\src\ar\debug\argetcode.sbr
c:\users\taschetto\desktop\artoolkitcb\lib\src\ar\debug\argetmarkerinfo.sbr
c:\users\taschetto\desktop\artoolkitcb\lib\src\ar\debug\argettransmat.sbr
c:\users\taschetto\desktop\artoolkitcb\lib\src\ar\debug\argettransmat2.sbr
c:\users\taschetto\desktop\artoolkitcb\lib\src\ar\debug\argettransmat3.sbr
c:\users\taschetto\desktop\artoolkitcb\lib\src\ar\debug\argettransmatcont.sbr
c:\users\taschetto\desktop\artoolkitcb\lib\src\ar\debug\arlabeling.sbr
c:\users\taschetto\desktop\artoolkitcb\lib\src\ar\debug\arutil.sbr
c:\users\taschetto\desktop\artoolkitcb\lib\src\ar\debug\malloc.sbr
c:\users\taschetto\desktop\artoolkitcb\lib\src\ar\debug\mallocdup.sbr
c:\users\taschetto\desktop\artoolkitcb\lib\src\ar\debug\mallocinv.sbr
c:\users\taschetto\desktop\artoolkitcb\lib\src\ar\debug\mallocmul.sbr
c:\users\taschetto\desktop\artoolkitcb\lib\src\ar\debug\malloctrans.sbr
c:\users\taschetto\desktop\artoolkitcb\lib\src\ar\debug\mallocunit.sbr
c:\users\taschetto\desktop\artoolkitcb\lib\src\ar\debug\mdet.sbr
c:\users\taschetto\desktop\artoolkitcb\lib\src\ar\debug\mdisp.sbr
c:\users\taschetto\desktop\artoolkitcb\lib\src\ar\debug\mdup.sbr
c:\users\taschetto\desktop\artoolkitcb\lib\src\ar\debug\mfree.sbr
c:\users\taschetto\desktop\artoolkitcb\lib\src\ar\debug\minv.sbr
c:\users\taschetto\desktop\artoolkitcb\lib\src\ar\debug\mmul.sbr
c:\users\taschetto\desktop\artoolkitcb\lib\src\ar\debug\mpca.sbr
c:\users\taschetto\desktop\artoolkitcb\lib\src\ar\debug\mselfinv.sbr
c:\users\taschetto\desktop\artoolkitcb\lib\src\ar\debug\mtrans.sbr
c:\users\taschetto\desktop\artoolkitcb\lib\src\ar\debug\munit.sbr
c:\users\taschetto\desktop\artoolkitcb\lib\src\ar\debug\paramchangesize.sbr
c:\users\taschetto\desktop\artoolkitcb\lib\src\ar\debug\paramdecomp.sbr
c:\users\taschetto\desktop\artoolkitcb\lib\src\ar\debug\paramdisp.sbr
c:\users\taschetto\desktop\artoolkitcb\lib\src\ar\debug\paramdistortion.sbr
c:\users\taschetto\desktop\artoolkitcb\lib\src\ar\debug\paramfile.sbr
c:\users\taschetto\desktop\artoolkitcb\lib\src\ar\debug\paramget.sbr
c:\users\taschetto\desktop\artoolkitcb\lib\src\ar\debug\valloc.sbr
c:\users\taschetto\desktop\artoolkitcb\lib\src\ar\debug\vdisp.sbr
c:\users\taschetto\desktop\artoolkitcb\lib\src\ar\debug\vfree.sbr
c:\users\taschetto\desktop\artoolkitcb\lib\src\ar\debug\vhouse.sbr
c:\users\taschetto\desktop\artoolkitcb\lib\src\ar\debug\vinnerp.sbr
c:\users\taschetto\desktop\artoolkitcb\lib\src\ar\debug\vtridiag.sbr
