Build started 30/05/2015 12:06:32.
     1>Project "C:\Users\taschetto\Desktop\ARToolKitCB\lib\SRC\ARMulti\libARMulti.vcxproj" on node 5 (Rebuild target(s)).
     1>ClCompile:
         C:\Program Files (x86)\Microsoft Visual Studio 12.0\VC\bin\CL.exe /c /IC:\Users\taschetto\Desktop\ARToolKitCB\lib\SRC\ARMulti\../../../include /ZI /nologo /W3 /WX- /Od /Oy- /D WIN32 /D _DEBUG /D _VC80_UPGRADE=0x0710 /Gm- /EHsc /RTC1 /MTd /GS /fp:precise /Zc:wchar_t /Zc:forScope /Fo"Debug\\" /Fd"Debug\vc120.pdb" /FR"Debug\\" /Gd /TC /analyze- /errorReport:prompt arMultiActivate.c arMultiGetTransMat.c arMultiReadConfigFile.c
         arMultiActivate.c
         arMultiGetTransMat.c
         arMultiReadConfigFile.c
     1>c:\users\taschetto\desktop\artoolkitcb\lib\src\armulti\armultireadconfigfile.c(30): warning C4996: 'fopen': This function or variable may be unsafe. Consider using fopen_s instead. To disable deprecation, use _CRT_SECURE_NO_WARNINGS. See online help for details.
                 c:\program files (x86)\microsoft visual studio 12.0\vc\include\stdio.h(211) : see declaration of 'fopen'
     1>c:\users\taschetto\desktop\artoolkitcb\lib\src\armulti\armultireadconfigfile.c(33): warning C4996: 'sscanf': This function or variable may be unsafe. Consider using sscanf_s instead. To disable deprecation, use _CRT_SECURE_NO_WARNINGS. See online help for details.
                 c:\program files (x86)\microsoft visual studio 12.0\vc\include\stdio.h(304) : see declaration of 'sscanf'
     1>c:\users\taschetto\desktop\artoolkitcb\lib\src\armulti\armultireadconfigfile.c(39): warning C4996: 'sscanf': This function or variable may be unsafe. Consider using sscanf_s instead. To disable deprecation, use _CRT_SECURE_NO_WARNINGS. See online help for details.
                 c:\program files (x86)\microsoft visual studio 12.0\vc\include\stdio.h(304) : see declaration of 'sscanf'
     1>c:\users\taschetto\desktop\artoolkitcb\lib\src\armulti\armultireadconfigfile.c(47): warning C4996: 'sscanf': This function or variable may be unsafe. Consider using sscanf_s instead. To disable deprecation, use _CRT_SECURE_NO_WARNINGS. See online help for details.
                 c:\program files (x86)\microsoft visual studio 12.0\vc\include\stdio.h(304) : see declaration of 'sscanf'
     1>c:\users\taschetto\desktop\artoolkitcb\lib\src\armulti\armultireadconfigfile.c(52): warning C4996: 'sscanf': This function or variable may be unsafe. Consider using sscanf_s instead. To disable deprecation, use _CRT_SECURE_NO_WARNINGS. See online help for details.
                 c:\program files (x86)\microsoft visual studio 12.0\vc\include\stdio.h(304) : see declaration of 'sscanf'
     1>c:\users\taschetto\desktop\artoolkitcb\lib\src\armulti\armultireadconfigfile.c(60): warning C4996: 'sscanf': This function or variable may be unsafe. Consider using sscanf_s instead. To disable deprecation, use _CRT_SECURE_NO_WARNINGS. See online help for details.
                 c:\program files (x86)\microsoft visual studio 12.0\vc\include\stdio.h(304) : see declaration of 'sscanf'
         Generating Code...
     1>C:\Program Files (x86)\MSBuild\Microsoft.Cpp\v4.0\V120\Microsoft.CppBuild.targets(1354,5): warning MSB8012: TargetPath(C:\Users\taschetto\Desktop\ARToolKitCB\lib\SRC\ARMulti\Debug\libARMulti.lib) does not match the Library's OutputFile property value (C:\Users\taschetto\Desktop\ARToolKitCB\lib\libARMultid.lib). This may cause your project to build incorrectly. To correct this, please make sure that $(OutDir), $(TargetName) and $(TargetExt) property values match the value specified in %(Lib.OutputFile).
     1>C:\Program Files (x86)\MSBuild\Microsoft.Cpp\v4.0\V120\Microsoft.CppBuild.targets(1356,5): warning MSB8012: TargetName(libARMulti) does not match the Library's OutputFile property value (libARMultid). This may cause your project to build incorrectly. To correct this, please make sure that $(OutDir), $(TargetName) and $(TargetExt) property values match the value specified in %(Lib.OutputFile).
       Lib:
         C:\Program Files (x86)\Microsoft Visual Studio 12.0\VC\bin\Lib.exe /OUT:"C:\Users\taschetto\Desktop\ARToolKitCB\lib\SRC\ARMulti\..\..\libARMultid.lib" /NOLOGO Debug\arMultiActivate.obj
         Debug\arMultiGetTransMat.obj
         Debug\arMultiReadConfigFile.obj
         libARMulti.vcxproj -> C:\Users\taschetto\Desktop\ARToolKitCB\lib\SRC\ARMulti\Debug\libARMulti.lib
       BscMake:
         C:\Program Files (x86)\Microsoft Visual Studio 12.0\VC\bin\bscmake.exe /nologo /o"Debug\libARMulti.bsc" Debug\arMultiActivate.sbr Debug\arMultiGetTransMat.sbr Debug\arMultiReadConfigFile.sbr
     1>Done Building Project "C:\Users\taschetto\Desktop\ARToolKitCB\lib\SRC\ARMulti\libARMulti.vcxproj" (Rebuild target(s)).

Build succeeded.

Time Elapsed 00:00:02.86
